# JRE version: OpenJDK Runtime Environment Temurin-21.0.10+7 (21.0.10+7) (build 21.0.10+7-LTS)
# Java VM: OpenJDK 64-Bit Server VM Temurin-21.0.10+7 (21.0.10+7-LTS, mixed mode, sharing, tiered, compressed oops, compressed class ptrs, g1 gc, windows-amd64)
GC Precious Log:
 CardTable entry size: 512
 Card Set container configuration: InlinePtr #cards 5 size 8 Array Of Cards #cards 12 size 40 Howl #buckets 4 coarsen threshold 1843 Howl Bitmap #cards 512 size 80 coarsen threshold 460 Card regions per heap region 1 cards per card region 2048
 CPUs: 12 total, 12 available
 Memory: 15557M
 Large Page Support: Disabled
 NUMA Support: Disabled
 Compressed Oops: Enabled (32-bit)
 Heap Region Size: 1M
 Heap Min Capacity: 8M
 Heap Initial Capacity: 244M
 Heap Max Capacity: 2G
 Pre-touch: Disabled
 Parallel Workers: 10
 Concurrent Workers: 3
 Concurrent Refinement Workers: 10
 Periodic GC: Disabled
Heap:
 garbage-first heap   total 183296K, used 147139K [0x0000000080000000, 0x0000000100000000)
  region size 1024K, 39 young (39936K), 5 survivors (5120K)
 Metaspace       used 109541K, committed 112128K, reserved 1179648K
  class space    used 15657K, committed 16896K, reserved 1048576K
GC Heap History (20 events):
Event: 9.351 GC heap before
{Heap before GC invocations=32 (full 0):
 garbage-first heap   total 150528K, used 131402K [0x0000000080000000, 0x0000000100000000)
  region size 1024K, 52 young (53248K), 5 survivors (5120K)
 Metaspace       used 86058K, committed 88448K, reserved 1179648K
  class space    used 12465K, committed 13632K, reserved 1048576K
}
Event: 9.355 GC heap after
{Heap after GC invocations=33 (full 0):
 garbage-first heap   total 150528K, used 89542K [0x0000000080000000, 0x0000000100000000)
  region size 1024K, 7 young (7168K), 7 survivors (7168K)
 Metaspace       used 86058K, committed 88448K, reserved 1179648K
  class space    used 12465K, committed 13632K, reserved 1048576K
}
Event: 9.725 GC heap before
{Heap before GC invocations=33 (full 0):
 garbage-first heap   total 150528K, used 134598K [0x0000000080000000, 0x0000000100000000)
  region size 1024K, 51 young (52224K), 7 survivors (7168K)
 Metaspace       used 87142K, committed 89600K, reserved 1179648K
  class space    used 12650K, committed 13824K, reserved 1048576K
}
Event: 9.729 GC heap after
{Heap after GC invocations=34 (full 0):
 garbage-first heap   total 150528K, used 91056K [0x0000000080000000, 0x0000000100000000)
  region size 1024K, 3 young (3072K), 3 survivors (3072K)
 Metaspace       used 87142K, committed 89600K, reserved 1179648K
  class space    used 12650K, committed 13824K, reserved 1048576K
}
Event: 10.094 GC heap before
{Heap before GC invocations=34 (full 0):
 garbage-first heap   total 150528K, used 136112K [0x0000000080000000, 0x0000000100000000)
  region size 1024K, 47 young (48128K), 3 survivors (3072K)
 Metaspace       used 89518K, committed 91968K, reserved 1179648K
  class space    used 12892K, committed 14080K, reserved 1048576K
}
Event: 10.097 GC heap after
{Heap after GC invocations=35 (full 0):
 garbage-first heap   total 150528K, used 93694K [0x0000000080000000, 0x0000000100000000)
  region size 1024K, 5 young (5120K), 5 survivors (5120K)
 Metaspace       used 89518K, committed 91968K, reserved 1179648K
  class space    used 12892K, committed 14080K, reserved 1048576K
}
Event: 10.468 GC heap before
{Heap before GC invocations=36 (full 0):
 garbage-first heap   total 157696K, used 138750K [0x0000000080000000, 0x0000000100000000)
  region size 1024K, 48 young (49152K), 5 survivors (5120K)
 Metaspace       used 93449K, committed 95936K, reserved 1179648K
  class space    used 13376K, committed 14592K, reserved 1048576K
}
Event: 10.471 GC heap after
{Heap after GC invocations=37 (full 0):
 garbage-first heap   total 157696K, used 95218K [0x0000000080000000, 0x0000000100000000)
  region size 1024K, 5 young (5120K), 5 survivors (5120K)
 Metaspace       used 93449K, committed 95936K, reserved 1179648K
  class space    used 13376K, committed 14592K, reserved 1048576K
}
Event: 10.744 GC heap before
{Heap before GC invocations=37 (full 0):
 garbage-first heap   total 157696K, used 148466K [0x0000000080000000, 0x0000000100000000)
  region size 1024K, 53 young (54272K), 5 survivors (5120K)
 Metaspace       used 96485K, committed 98944K, reserved 1179648K
  class space    used 13778K, committed 14976K, reserved 1048576K
}
Event: 10.748 GC heap after
{Heap after GC invocations=38 (full 0):
 garbage-first heap   total 160768K, used 99294K [0x0000000080000000, 0x0000000100000000)
  region size 1024K, 7 young (7168K), 7 survivors (7168K)
 Metaspace       used 96485K, committed 98944K, reserved 1179648K
  class space    used 13778K, committed 14976K, reserved 1048576K
}
Event: 11.092 GC heap before
{Heap before GC invocations=38 (full 0):
 garbage-first heap   total 160768K, used 145374K [0x0000000080000000, 0x0000000100000000)
  region size 1024K, 53 young (54272K), 7 survivors (7168K)
 Metaspace       used 100049K, committed 102528K, reserved 1179648K
  class space    used 14218K, committed 15424K, reserved 1048576K
}
Event: 11.095 GC heap after
{Heap after GC invocations=39 (full 0):
 garbage-first heap   total 160768K, used 102001K [0x0000000080000000, 0x0000000100000000)
  region size 1024K, 3 young (3072K), 3 survivors (3072K)
 Metaspace       used 100049K, committed 102528K, reserved 1179648K
  class space    used 14218K, committed 15424K, reserved 1048576K
}
Event: 11.439 GC heap before
{Heap before GC invocations=40 (full 0):
 garbage-first heap   total 171008K, used 149105K [0x0000000080000000, 0x0000000100000000)
  region size 1024K, 49 young (50176K), 3 survivors (3072K)
 Metaspace       used 104049K, committed 106560K, reserved 1179648K
  class space    used 14884K, committed 16128K, reserved 1048576K
}
Event: 11.441 GC heap after
{Heap after GC invocations=41 (full 0):
 garbage-first heap   total 171008K, used 103185K [0x0000000080000000, 0x0000000100000000)
  region size 1024K, 4 young (4096K), 4 survivors (4096K)
 Metaspace       used 104049K, committed 106560K, reserved 1179648K
  class space    used 14884K, committed 16128K, reserved 1048576K
}
Event: 11.938 GC heap before
{Heap before GC invocations=41 (full 0):
 garbage-first heap   total 171008K, used 158481K [0x0000000080000000, 0x0000000100000000)
  region size 1024K, 58 young (59392K), 4 survivors (4096K)
 Metaspace       used 107761K, committed 110272K, reserved 1179648K
  class space    used 15456K, committed 16704K, reserved 1048576K
}
Event: 11.943 GC heap after
{Heap after GC invocations=42 (full 0):
 garbage-first heap   total 171008K, used 103893K [0x0000000080000000, 0x0000000100000000)
  region size 1024K, 7 young (7168K), 7 survivors (7168K)
 Metaspace       used 107761K, committed 110272K, reserved 1179648K
  class space    used 15456K, committed 16704K, reserved 1048576K
}
Event: 12.427 GC heap before
{Heap before GC invocations=42 (full 0):
 garbage-first heap   total 171008K, used 157141K [0x0000000080000000, 0x0000000100000000)
  region size 1024K, 60 young (61440K), 7 survivors (7168K)
 Metaspace       used 108171K, committed 110720K, reserved 1179648K
  class space    used 15474K, committed 16704K, reserved 1048576K
}
Event: 12.432 GC heap after
{Heap after GC invocations=43 (full 0):
 garbage-first heap   total 171008K, used 108761K [0x0000000080000000, 0x0000000100000000)
  region size 1024K, 8 young (8192K), 8 survivors (8192K)
 Metaspace       used 108171K, committed 110720K, reserved 1179648K
  class space    used 15474K, committed 16704K, reserved 1048576K
}
Event: 12.930 GC heap before
{Heap before GC invocations=44 (full 0):
 garbage-first heap   total 183296K, used 157913K [0x0000000080000000, 0x0000000100000000)
  region size 1024K, 56 young (57344K), 8 survivors (8192K)
 Metaspace       used 108403K, committed 110912K, reserved 1179648K
  class space    used 15486K, committed 16704K, reserved 1048576K
}
Event: 12.935 GC heap after
{Heap after GC invocations=45 (full 0):
 garbage-first heap   total 183296K, used 113347K [0x0000000080000000, 0x0000000100000000)
  region size 1024K, 5 young (5120K), 5 survivors (5120K)
 Metaspace       used 108403K, committed 110912K, reserved 1179648K
  class space    used 15486K, committed 16704K, reserved 1048576K
}

