# JRE version: Java(TM) SE Runtime Environment (25.0.1+8) (build 25.0.1+8-LTS-27)
# Java VM: Java HotSpot(TM) 64-Bit Server VM (25.0.1+8-LTS-27, mixed mode, sharing, tiered, compressed oops, compressed class ptrs, g1 gc, windows-amd64)
GC Precious Log:
 CardTable entry size: 512
 Card Set container configuration: InlinePtr #cards 5 size 8 Array Of Cards #cards 10 size 36 Howl #buckets 4 coarsen threshold 1843 Howl Bitmap #cards 512 size 80 coarsen threshold 460 Card regions per heap region 1 cards per card region 2048
 CPUs: 12 total, 12 available
 Memory: 15557M
 Large Page Support: Disabled
 NUMA Support: Disabled
 Compressed Oops: Enabled (32-bit)
 Heap Region Size: 1M
 Heap Min Capacity: 8M
 Heap Initial Capacity: 244M
 Heap Max Capacity: 2G
 Pre-touch: Disabled
 Parallel Workers: 10
 Concurrent Workers: 3
 Concurrent Refinement Workers: 10
 Periodic GC: Disabled
Heap:
 garbage-first heap   total reserved 2097152K, committed 126976K, used 81186K [0x0000000080000000, 0x0000000100000000)
  region size 1024K, 2 young (2048K), 2 survivors (2048K)
GC Heap Usage History (20 events):
Event: 5.892 {heap After GC invocations=17 (full 0):
 garbage-first heap   total reserved 2097152K, committed 88064K, used 48937K [0x0000000080000000, 0x0000000100000000)
  region size 1024K, 5 young (5120K), 5 survivors (5120K)
}
Event: 6.275 {heap Before GC invocations=17 (full 0):
 garbage-first heap   total reserved 2097152K, committed 88064K, used 78633K [0x0000000080000000, 0x0000000100000000)
  region size 1024K, 35 young (35840K), 5 survivors (5120K)
}
Event: 6.280 {heap After GC invocations=18 (full 0):
 garbage-first heap   total reserved 2097152K, committed 106496K, used 50734K [0x0000000080000000, 0x0000000100000000)
  region size 1024K, 2 young (2048K), 2 survivors (2048K)
}
Event: 6.790 {heap Before GC invocations=19 (full 0):
 garbage-first heap   total reserved 2097152K, committed 106496K, used 94766K [0x0000000080000000, 0x0000000100000000)
  region size 1024K, 46 young (47104K), 2 survivors (2048K)
}
Event: 6.793 {heap After GC invocations=20 (full 0):
 garbage-first heap   total reserved 2097152K, committed 106496K, used 52565K [0x0000000080000000, 0x0000000100000000)
  region size 1024K, 4 young (4096K), 4 survivors (4096K)
}
Event: 7.043 {heap Before GC invocations=20 (full 0):
 garbage-first heap   total reserved 2097152K, committed 106496K, used 95573K [0x0000000080000000, 0x0000000100000000)
  region size 1024K, 47 young (48128K), 4 survivors (4096K)
}
Event: 7.048 {heap After GC invocations=21 (full 0):
 garbage-first heap   total reserved 2097152K, committed 106496K, used 54697K [0x0000000080000000, 0x0000000100000000)
  region size 1024K, 5 young (5120K), 5 survivors (5120K)
}
Event: 7.081 {heap Before GC invocations=21 (full 0):
 garbage-first heap   total reserved 2097152K, committed 106496K, used 56745K [0x0000000080000000, 0x0000000100000000)
  region size 1024K, 8 young (8192K), 5 survivors (5120K)
}
Event: 7.083 {heap After GC invocations=22 (full 0):
 garbage-first heap   total reserved 2097152K, committed 106496K, used 55018K [0x0000000080000000, 0x0000000100000000)
  region size 1024K, 3 young (3072K), 3 survivors (3072K)
}
Event: 7.500 {heap Before GC invocations=23 (full 0):
 garbage-first heap   total reserved 2097152K, committed 106496K, used 104170K [0x0000000080000000, 0x0000000100000000)
  region size 1024K, 45 young (46080K), 3 survivors (3072K)
}
Event: 7.504 {heap After GC invocations=24 (full 0):
 garbage-first heap   total reserved 2097152K, committed 114688K, used 67623K [0x0000000080000000, 0x0000000100000000)
  region size 1024K, 6 young (6144K), 6 survivors (6144K)
}
Event: 7.831 {heap Before GC invocations=24 (full 0):
 garbage-first heap   total reserved 2097152K, committed 114688K, used 105511K [0x0000000080000000, 0x0000000100000000)
  region size 1024K, 41 young (41984K), 6 survivors (6144K)
}
Event: 7.835 {heap After GC invocations=25 (full 0):
 garbage-first heap   total reserved 2097152K, committed 115712K, used 70566K [0x0000000080000000, 0x0000000100000000)
  region size 1024K, 2 young (2048K), 2 survivors (2048K)
}
Event: 7.842 {heap Before GC invocations=25 (full 0):
 garbage-first heap   total reserved 2097152K, committed 115712K, used 70566K [0x0000000080000000, 0x0000000100000000)
  region size 1024K, 4 young (4096K), 2 survivors (2048K)
}
Event: 7.844 {heap After GC invocations=26 (full 0):
 garbage-first heap   total reserved 2097152K, committed 115712K, used 70691K [0x0000000080000000, 0x0000000100000000)
  region size 1024K, 2 young (2048K), 2 survivors (2048K)
}
Event: 8.229 {heap Before GC invocations=27 (full 0):
 garbage-first heap   total reserved 2097152K, committed 122880K, used 105507K [0x0000000080000000, 0x0000000100000000)
  region size 1024K, 35 young (35840K), 2 survivors (2048K)
}
Event: 8.232 {heap After GC invocations=28 (full 0):
 garbage-first heap   total reserved 2097152K, committed 122880K, used 74104K [0x0000000080000000, 0x0000000100000000)
  region size 1024K, 4 young (4096K), 4 survivors (4096K)
}
Event: 8.471 {heap Before GC invocations=28 (full 0):
 garbage-first heap   total reserved 2097152K, committed 122880K, used 116088K [0x0000000080000000, 0x0000000100000000)
  region size 1024K, 40 young (40960K), 4 survivors (4096K)
}
Event: 8.475 {heap After GC invocations=29 (full 0):
 garbage-first heap   total reserved 2097152K, committed 126976K, used 79204K [0x0000000080000000, 0x0000000100000000)
  region size 1024K, 5 young (5120K), 5 survivors (5120K)
}
Event: 8.751 {heap Before GC invocations=29 (full 0):
 garbage-first heap   total reserved 2097152K, committed 126976K, used 114020K [0x0000000080000000, 0x0000000100000000)
  region size 1024K, 39 young (39936K), 5 survivors (5120K)
}

