# JRE version: OpenJDK Runtime Environment Temurin-21.0.10+7 (21.0.10+7) (build 21.0.10+7-LTS)
# Java VM: OpenJDK 64-Bit Server VM Temurin-21.0.10+7 (21.0.10+7-LTS, mixed mode, sharing, tiered, compressed oops, compressed class ptrs, parallel gc, windows-amd64)
GC Precious Log:
 CardTable entry size: 512
 CPUs: 12 total, 12 available
 Memory: 15557M
 Large Page Support: Disabled
 NUMA Support: Disabled
 Compressed Oops: Enabled (32-bit)
 Alignments: Space 512K, Generation 512K, Heap 2M
 Heap Min Capacity: 100M
 Heap Initial Capacity: 100M
 Heap Max Capacity: 2G
 Pre-touch: Disabled
 Parallel Workers: 10
Heap:
 PSYoungGen      total 9728K, used 7640K [0x00000000d5580000, 0x00000000d6180000, 0x0000000100000000)
  eden space 9216K, 77% used [0x00000000d5580000,0x00000000d5c762d0,0x00000000d5e80000)
  from space 512K, 100% used [0x00000000d6000000,0x00000000d6080000,0x00000000d6080000)
  to   space 1024K, 0% used [0x00000000d6080000,0x00000000d6080000,0x00000000d6180000)
 ParOldGen       total 68608K, used 61395K [0x0000000080000000, 0x0000000084300000, 0x00000000d5580000)
  object space 68608K, 89% used [0x0000000080000000,0x0000000083bf4cb0,0x0000000084300000)
 Metaspace       used 69634K, committed 71168K, reserved 1114112K
  class space    used 8696K, committed 9344K, reserved 1048576K
GC Heap History (20 events):
Event: 15.588 GC heap before
{Heap before GC invocations=67 (full 3):
 PSYoungGen      total 13312K, used 12896K [0x00000000d5580000, 0x00000000d6400000, 0x0000000100000000)
  eden space 11776K, 100% used [0x00000000d5580000,0x00000000d6100000,0x00000000d6100000)
  from space 1536K, 72% used [0x00000000d6100000,0x00000000d6218000,0x00000000d6280000)
  to   space 1536K, 0% used [0x00000000d6280000,0x00000000d6280000,0x00000000d6400000)
 ParOldGen       total 68608K, used 53303K [0x0000000080000000, 0x0000000084300000, 0x00000000d5580000)
  object space 68608K, 77% used [0x0000000080000000,0x000000008340dd98,0x0000000084300000)
 Metaspace       used 64951K, committed 66368K, reserved 1114112K
  class space    used 8191K, committed 8832K, reserved 1048576K
}
Event: 15.594 GC heap after
{Heap after GC invocations=67 (full 3):
 PSYoungGen      total 13312K, used 1408K [0x00000000d5580000, 0x00000000d6400000, 0x0000000100000000)
  eden space 11776K, 0% used [0x00000000d5580000,0x00000000d5580000,0x00000000d6100000)
  from space 1536K, 91% used [0x00000000d6280000,0x00000000d63e0010,0x00000000d6400000)
  to   space 1536K, 0% used [0x00000000d6100000,0x00000000d6100000,0x00000000d6280000)
 ParOldGen       total 68608K, used 54255K [0x0000000080000000, 0x0000000084300000, 0x00000000d5580000)
  object space 68608K, 79% used [0x0000000080000000,0x00000000834fbd98,0x0000000084300000)
 Metaspace       used 64951K, committed 66368K, reserved 1114112K
  class space    used 8191K, committed 8832K, reserved 1048576K
}
Event: 15.612 GC heap before
{Heap before GC invocations=68 (full 3):
 PSYoungGen      total 13312K, used 13184K [0x00000000d5580000, 0x00000000d6400000, 0x0000000100000000)
  eden space 11776K, 100% used [0x00000000d5580000,0x00000000d6100000,0x00000000d6100000)
  from space 1536K, 91% used [0x00000000d6280000,0x00000000d63e0010,0x00000000d6400000)
  to   space 1536K, 0% used [0x00000000d6100000,0x00000000d6100000,0x00000000d6280000)
 ParOldGen       total 68608K, used 54255K [0x0000000080000000, 0x0000000084300000, 0x00000000d5580000)
  object space 68608K, 79% used [0x0000000080000000,0x00000000834fbd98,0x0000000084300000)
 Metaspace       used 64971K, committed 66432K, reserved 1114112K
  class space    used 8191K, committed 8832K, reserved 1048576K
}
Event: 15.614 GC heap after
{Heap after GC invocations=68 (full 3):
 PSYoungGen      total 13312K, used 1024K [0x00000000d5580000, 0x00000000d6400000, 0x0000000100000000)
  eden space 11776K, 0% used [0x00000000d5580000,0x00000000d5580000,0x00000000d6100000)
  from space 1536K, 66% used [0x00000000d6100000,0x00000000d6200000,0x00000000d6280000)
  to   space 1536K, 0% used [0x00000000d6280000,0x00000000d6280000,0x00000000d6400000)
 ParOldGen       total 68608K, used 55535K [0x0000000080000000, 0x0000000084300000, 0x00000000d5580000)
  object space 68608K, 80% used [0x0000000080000000,0x000000008363bda8,0x0000000084300000)
 Metaspace       used 64971K, committed 66432K, reserved 1114112K
  class space    used 8191K, committed 8832K, reserved 1048576K
}
Event: 15.639 GC heap before
{Heap before GC invocations=69 (full 3):
 PSYoungGen      total 13312K, used 12800K [0x00000000d5580000, 0x00000000d6400000, 0x0000000100000000)
  eden space 11776K, 100% used [0x00000000d5580000,0x00000000d6100000,0x00000000d6100000)
  from space 1536K, 66% used [0x00000000d6100000,0x00000000d6200000,0x00000000d6280000)
  to   space 1536K, 0% used [0x00000000d6280000,0x00000000d6280000,0x00000000d6400000)
 ParOldGen       total 68608K, used 55535K [0x0000000080000000, 0x0000000084300000, 0x00000000d5580000)
  object space 68608K, 80% used [0x0000000080000000,0x000000008363bda8,0x0000000084300000)
 Metaspace       used 65037K, committed 66496K, reserved 1114112K
  class space    used 8192K, committed 8832K, reserved 1048576K
}
Event: 15.640 GC heap after
{Heap after GC invocations=69 (full 3):
 PSYoungGen      total 13312K, used 1144K [0x00000000d5580000, 0x00000000d6400000, 0x0000000100000000)
  eden space 11776K, 0% used [0x00000000d5580000,0x00000000d5580000,0x00000000d6100000)
  from space 1536K, 74% used [0x00000000d6280000,0x00000000d639e200,0x00000000d6400000)
  to   space 1536K, 0% used [0x00000000d6100000,0x00000000d6100000,0x00000000d6280000)
 ParOldGen       total 68608K, used 56487K [0x0000000080000000, 0x0000000084300000, 0x00000000d5580000)
  object space 68608K, 82% used [0x0000000080000000,0x0000000083729da8,0x0000000084300000)
 Metaspace       used 65037K, committed 66496K, reserved 1114112K
  class space    used 8192K, committed 8832K, reserved 1048576K
}
Event: 16.345 GC heap before
{Heap before GC invocations=70 (full 3):
 PSYoungGen      total 13312K, used 12920K [0x00000000d5580000, 0x00000000d6400000, 0x0000000100000000)
  eden space 11776K, 99% used [0x00000000d5580000,0x00000000d60ffff8,0x00000000d6100000)
  from space 1536K, 74% used [0x00000000d6280000,0x00000000d639e200,0x00000000d6400000)
  to   space 1536K, 0% used [0x00000000d6100000,0x00000000d6100000,0x00000000d6280000)
 ParOldGen       total 68608K, used 56487K [0x0000000080000000, 0x0000000084300000, 0x00000000d5580000)
  object space 68608K, 82% used [0x0000000080000000,0x0000000083729da8,0x0000000084300000)
 Metaspace       used 65225K, committed 66624K, reserved 1114112K
  class space    used 8206K, committed 8832K, reserved 1048576K
}
Event: 16.346 GC heap after
{Heap after GC invocations=70 (full 3):
 PSYoungGen      total 12800K, used 864K [0x00000000d5580000, 0x00000000d6300000, 0x0000000100000000)
  eden space 11776K, 0% used [0x00000000d5580000,0x00000000d5580000,0x00000000d6100000)
  from space 1024K, 84% used [0x00000000d6100000,0x00000000d61d8000,0x00000000d6200000)
  to   space 1024K, 0% used [0x00000000d6200000,0x00000000d6200000,0x00000000d6300000)
 ParOldGen       total 68608K, used 57527K [0x0000000080000000, 0x0000000084300000, 0x00000000d5580000)
  object space 68608K, 83% used [0x0000000080000000,0x000000008382dfa8,0x0000000084300000)
 Metaspace       used 65225K, committed 66624K, reserved 1114112K
  class space    used 8206K, committed 8832K, reserved 1048576K
}
Event: 17.934 GC heap before
{Heap before GC invocations=71 (full 3):
 PSYoungGen      total 12800K, used 12639K [0x00000000d5580000, 0x00000000d6300000, 0x0000000100000000)
  eden space 11776K, 99% used [0x00000000d5580000,0x00000000d60fffc0,0x00000000d6100000)
  from space 1024K, 84% used [0x00000000d6100000,0x00000000d61d8000,0x00000000d6200000)
  to   space 1024K, 0% used [0x00000000d6200000,0x00000000d6200000,0x00000000d6300000)
 ParOldGen       total 68608K, used 57527K [0x0000000080000000, 0x0000000084300000, 0x00000000d5580000)
  object space 68608K, 83% used [0x0000000080000000,0x000000008382dfa8,0x0000000084300000)
 Metaspace       used 66182K, committed 67648K, reserved 1114112K
  class space    used 8344K, committed 9024K, reserved 1048576K
}
Event: 17.936 GC heap after
{Heap after GC invocations=71 (full 3):
 PSYoungGen      total 10240K, used 1024K [0x00000000d5580000, 0x00000000d6800000, 0x0000000100000000)
  eden space 9216K, 0% used [0x00000000d5580000,0x00000000d5580000,0x00000000d5e80000)
  from space 1024K, 100% used [0x00000000d6200000,0x00000000d6300000,0x00000000d6300000)
  to   space 3584K, 0% used [0x00000000d5e80000,0x00000000d5e80000,0x00000000d6200000)
 ParOldGen       total 68608K, used 59260K [0x0000000080000000, 0x0000000084300000, 0x00000000d5580000)
  object space 68608K, 86% used [0x0000000080000000,0x00000000839df060,0x0000000084300000)
 Metaspace       used 66182K, committed 67648K, reserved 1114112K
  class space    used 8344K, committed 9024K, reserved 1048576K
}
Event: 20.235 GC heap before
{Heap before GC invocations=72 (full 3):
 PSYoungGen      total 10240K, used 10240K [0x00000000d5580000, 0x00000000d6800000, 0x0000000100000000)
  eden space 9216K, 100% used [0x00000000d5580000,0x00000000d5e80000,0x00000000d5e80000)
  from space 1024K, 100% used [0x00000000d6200000,0x00000000d6300000,0x00000000d6300000)
  to   space 3584K, 0% used [0x00000000d5e80000,0x00000000d5e80000,0x00000000d6200000)
 ParOldGen       total 68608K, used 59260K [0x0000000080000000, 0x0000000084300000, 0x00000000d5580000)
  object space 68608K, 86% used [0x0000000080000000,0x00000000839df060,0x0000000084300000)
 Metaspace       used 66563K, committed 67968K, reserved 1114112K
  class space    used 8386K, committed 9024K, reserved 1048576K
}
Event: 20.236 GC heap after
{Heap after GC invocations=72 (full 3):
 PSYoungGen      total 9728K, used 448K [0x00000000d5580000, 0x00000000d6280000, 0x0000000100000000)
  eden space 9216K, 0% used [0x00000000d5580000,0x00000000d5580000,0x00000000d5e80000)
  from space 512K, 87% used [0x00000000d5e80000,0x00000000d5ef0000,0x00000000d5f00000)
  to   space 1536K, 0% used [0x00000000d6100000,0x00000000d6100000,0x00000000d6280000)
 ParOldGen       total 68608K, used 59844K [0x0000000080000000, 0x0000000084300000, 0x00000000d5580000)
  object space 68608K, 87% used [0x0000000080000000,0x0000000083a710e8,0x0000000084300000)
 Metaspace       used 66563K, committed 67968K, reserved 1114112K
  class space    used 8386K, committed 9024K, reserved 1048576K
}
Event: 20.312 GC heap before
{Heap before GC invocations=73 (full 3):
 PSYoungGen      total 9728K, used 9664K [0x00000000d5580000, 0x00000000d6280000, 0x0000000100000000)
  eden space 9216K, 100% used [0x00000000d5580000,0x00000000d5e80000,0x00000000d5e80000)
  from space 512K, 87% used [0x00000000d5e80000,0x00000000d5ef0000,0x00000000d5f00000)
  to   space 1536K, 0% used [0x00000000d6100000,0x00000000d6100000,0x00000000d6280000)
 ParOldGen       total 68608K, used 59844K [0x0000000080000000, 0x0000000084300000, 0x00000000d5580000)
  object space 68608K, 87% used [0x0000000080000000,0x0000000083a710e8,0x0000000084300000)
 Metaspace       used 67655K, committed 69120K, reserved 1114112K
  class space    used 8499K, committed 9152K, reserved 1048576K
}
Event: 20.313 GC heap after
{Heap after GC invocations=73 (full 3):
 PSYoungGen      total 10752K, used 1152K [0x00000000d5580000, 0x00000000d6280000, 0x0000000100000000)
  eden space 9216K, 0% used [0x00000000d5580000,0x00000000d5580000,0x00000000d5e80000)
  from space 1536K, 75% used [0x00000000d6100000,0x00000000d6220040,0x00000000d6280000)
  to   space 1536K, 0% used [0x00000000d5f80000,0x00000000d5f80000,0x00000000d6100000)
 ParOldGen       total 68608K, used 60060K [0x0000000080000000, 0x0000000084300000, 0x00000000d5580000)
  object space 68608K, 87% used [0x0000000080000000,0x0000000083aa72f8,0x0000000084300000)
 Metaspace       used 67655K, committed 69120K, reserved 1114112K
  class space    used 8499K, committed 9152K, reserved 1048576K
}
Event: 20.394 GC heap before
{Heap before GC invocations=74 (full 3):
 PSYoungGen      total 10752K, used 10359K [0x00000000d5580000, 0x00000000d6280000, 0x0000000100000000)
  eden space 9216K, 99% used [0x00000000d5580000,0x00000000d5e7de18,0x00000000d5e80000)
  from space 1536K, 75% used [0x00000000d6100000,0x00000000d6220040,0x00000000d6280000)
  to   space 1536K, 0% used [0x00000000d5f80000,0x00000000d5f80000,0x00000000d6100000)
 ParOldGen       total 68608K, used 60060K [0x0000000080000000, 0x0000000084300000, 0x00000000d5580000)
  object space 68608K, 87% used [0x0000000080000000,0x0000000083aa72f8,0x0000000084300000)
 Metaspace       used 68280K, committed 69760K, reserved 1114112K
  class space    used 8563K, committed 9216K, reserved 1048576K
}
Event: 20.395 GC heap after
{Heap after GC invocations=74 (full 3):
 PSYoungGen      total 10240K, used 576K [0x00000000d5580000, 0x00000000d6180000, 0x0000000100000000)
  eden space 9216K, 0% used [0x00000000d5580000,0x00000000d5580000,0x00000000d5e80000)
  from space 1024K, 56% used [0x00000000d5f80000,0x00000000d6010040,0x00000000d6080000)
  to   space 1024K, 0% used [0x00000000d6080000,0x00000000d6080000,0x00000000d6180000)
 ParOldGen       total 68608K, used 60533K [0x0000000080000000, 0x0000000084300000, 0x00000000d5580000)
  object space 68608K, 88% used [0x0000000080000000,0x0000000083b1d7a8,0x0000000084300000)
 Metaspace       used 68280K, committed 69760K, reserved 1114112K
  class space    used 8563K, committed 9216K, reserved 1048576K
}
Event: 31.329 GC heap before
{Heap before GC invocations=75 (full 3):
 PSYoungGen      total 10240K, used 9792K [0x00000000d5580000, 0x00000000d6180000, 0x0000000100000000)
  eden space 9216K, 100% used [0x00000000d5580000,0x00000000d5e80000,0x00000000d5e80000)
  from space 1024K, 56% used [0x00000000d5f80000,0x00000000d6010040,0x00000000d6080000)
  to   space 1024K, 0% used [0x00000000d6080000,0x00000000d6080000,0x00000000d6180000)
 ParOldGen       total 68608K, used 60533K [0x0000000080000000, 0x0000000084300000, 0x00000000d5580000)
  object space 68608K, 88% used [0x0000000080000000,0x0000000083b1d7a8,0x0000000084300000)
 Metaspace       used 68555K, committed 70080K, reserved 1114112K
  class space    used 8579K, committed 9280K, reserved 1048576K
}
Event: 31.330 GC heap after
{Heap after GC invocations=75 (full 3):
 PSYoungGen      total 9728K, used 416K [0x00000000d5580000, 0x00000000d6100000, 0x0000000100000000)
  eden space 9216K, 0% used [0x00000000d5580000,0x00000000d5580000,0x00000000d5e80000)
  from space 512K, 81% used [0x00000000d6080000,0x00000000d60e8000,0x00000000d6100000)
  to   space 512K, 0% used [0x00000000d6000000,0x00000000d6000000,0x00000000d6080000)
 ParOldGen       total 68608K, used 60921K [0x0000000080000000, 0x0000000084300000, 0x00000000d5580000)
  object space 68608K, 88% used [0x0000000080000000,0x0000000083b7e6f0,0x0000000084300000)
 Metaspace       used 68555K, committed 70080K, reserved 1114112K
  class space    used 8579K, committed 9280K, reserved 1048576K
}
Event: 33.315 GC heap before
{Heap before GC invocations=76 (full 3):
 PSYoungGen      total 9728K, used 9632K [0x00000000d5580000, 0x00000000d6100000, 0x0000000100000000)
  eden space 9216K, 100% used [0x00000000d5580000,0x00000000d5e80000,0x00000000d5e80000)
  from space 512K, 81% used [0x00000000d6080000,0x00000000d60e8000,0x00000000d6100000)
  to   space 512K, 0% used [0x00000000d6000000,0x00000000d6000000,0x00000000d6080000)
 ParOldGen       total 68608K, used 60921K [0x0000000080000000, 0x0000000084300000, 0x00000000d5580000)
  object space 68608K, 88% used [0x0000000080000000,0x0000000083b7e6f0,0x0000000084300000)
 Metaspace       used 68861K, committed 70336K, reserved 1114112K
  class space    used 8600K, committed 9280K, reserved 1048576K
}
Event: 33.316 GC heap after
{Heap after GC invocations=76 (full 3):
 PSYoungGen      total 9728K, used 512K [0x00000000d5580000, 0x00000000d6180000, 0x0000000100000000)
  eden space 9216K, 0% used [0x00000000d5580000,0x00000000d5580000,0x00000000d5e80000)
  from space 512K, 100% used [0x00000000d6000000,0x00000000d6080000,0x00000000d6080000)
  to   space 1024K, 0% used [0x00000000d6080000,0x00000000d6080000,0x00000000d6180000)
 ParOldGen       total 68608K, used 61395K [0x0000000080000000, 0x0000000084300000, 0x00000000d5580000)
  object space 68608K, 89% used [0x0000000080000000,0x0000000083bf4cb0,0x0000000084300000)
 Metaspace       used 68861K, committed 70336K, reserved 1114112K
  class space    used 8600K, committed 9280K, reserved 1048576K
}

