# JRE version: OpenJDK Runtime Environment Temurin-21.0.10+7 (21.0.10+7) (build 21.0.10+7-LTS)
# Java VM: OpenJDK 64-Bit Server VM Temurin-21.0.10+7 (21.0.10+7-LTS, mixed mode, sharing, tiered, compressed oops, compressed class ptrs, parallel gc, windows-amd64)
GC Precious Log:
 CardTable entry size: 512
 CPUs: 12 total, 12 available
 Memory: 15557M
 Large Page Support: Disabled
 NUMA Support: Disabled
 Compressed Oops: Enabled (32-bit)
 Alignments: Space 512K, Generation 512K, Heap 2M
 Heap Min Capacity: 100M
 Heap Initial Capacity: 100M
 Heap Max Capacity: 2G
 Pre-touch: Disabled
 Parallel Workers: 10
Heap:
 PSYoungGen      total 12288K, used 5254K [0x00000000d5580000, 0x00000000d6400000, 0x0000000100000000)
  eden space 10752K, 37% used [0x00000000d5580000,0x00000000d59799c0,0x00000000d6000000)
  from space 1536K, 77% used [0x00000000d6000000,0x00000000d6128010,0x00000000d6180000)
  to   space 2048K, 0% used [0x00000000d6200000,0x00000000d6200000,0x00000000d6400000)
 ParOldGen       total 68608K, used 48786K [0x0000000080000000, 0x0000000084300000, 0x00000000d5580000)
  object space 68608K, 71% used [0x0000000080000000,0x0000000082fa4840,0x0000000084300000)
 Metaspace       used 64924K, committed 66368K, reserved 1114112K
  class space    used 8201K, committed 8896K, reserved 1048576K
GC Heap History (20 events):
Event: 8.635 GC heap before
{Heap before GC invocations=52 (full 3):
 PSYoungGen      total 13824K, used 13819K [0x00000000d5580000, 0x00000000d6500000, 0x0000000100000000)
  eden space 12800K, 100% used [0x00000000d5580000,0x00000000d6200000,0x00000000d6200000)
  from space 1024K, 99% used [0x00000000d6400000,0x00000000d64fecd0,0x00000000d6500000)
  to   space 1536K, 0% used [0x00000000d6200000,0x00000000d6200000,0x00000000d6380000)
 ParOldGen       total 68608K, used 41583K [0x0000000080000000, 0x0000000084300000, 0x00000000d5580000)
  object space 68608K, 60% used [0x0000000080000000,0x000000008289bcc8,0x0000000084300000)
 Metaspace       used 60688K, committed 62080K, reserved 1114112K
  class space    used 7662K, committed 8320K, reserved 1048576K
}
Event: 8.636 GC heap after
{Heap after GC invocations=52 (full 3):
 PSYoungGen      total 14336K, used 690K [0x00000000d5580000, 0x00000000d6480000, 0x0000000100000000)
  eden space 12800K, 0% used [0x00000000d5580000,0x00000000d5580000,0x00000000d6200000)
  from space 1536K, 44% used [0x00000000d6200000,0x00000000d62ac968,0x00000000d6380000)
  to   space 1024K, 0% used [0x00000000d6380000,0x00000000d6380000,0x00000000d6480000)
 ParOldGen       total 68608K, used 41659K [0x0000000080000000, 0x0000000084300000, 0x00000000d5580000)
  object space 68608K, 60% used [0x0000000080000000,0x00000000828aec78,0x0000000084300000)
 Metaspace       used 60688K, committed 62080K, reserved 1114112K
  class space    used 7662K, committed 8320K, reserved 1048576K
}
Event: 8.669 GC heap before
{Heap before GC invocations=53 (full 3):
 PSYoungGen      total 14336K, used 13490K [0x00000000d5580000, 0x00000000d6480000, 0x0000000100000000)
  eden space 12800K, 100% used [0x00000000d5580000,0x00000000d6200000,0x00000000d6200000)
  from space 1536K, 44% used [0x00000000d6200000,0x00000000d62ac968,0x00000000d6380000)
  to   space 1024K, 0% used [0x00000000d6380000,0x00000000d6380000,0x00000000d6480000)
 ParOldGen       total 68608K, used 41659K [0x0000000080000000, 0x0000000084300000, 0x00000000d5580000)
  object space 68608K, 60% used [0x0000000080000000,0x00000000828aec78,0x0000000084300000)
 Metaspace       used 60688K, committed 62080K, reserved 1114112K
  class space    used 7662K, committed 8320K, reserved 1048576K
}
Event: 8.670 GC heap after
{Heap after GC invocations=53 (full 3):
 PSYoungGen      total 13312K, used 439K [0x00000000d5580000, 0x00000000d6400000, 0x0000000100000000)
  eden space 12800K, 0% used [0x00000000d5580000,0x00000000d5580000,0x00000000d6200000)
  from space 512K, 85% used [0x00000000d6380000,0x00000000d63edde0,0x00000000d6400000)
  to   space 1024K, 0% used [0x00000000d6200000,0x00000000d6200000,0x00000000d6300000)
 ParOldGen       total 68608K, used 42390K [0x0000000080000000, 0x0000000084300000, 0x00000000d5580000)
  object space 68608K, 61% used [0x0000000080000000,0x00000000829658b0,0x0000000084300000)
 Metaspace       used 60688K, committed 62080K, reserved 1114112K
  class space    used 7662K, committed 8320K, reserved 1048576K
}
Event: 8.706 GC heap before
{Heap before GC invocations=54 (full 3):
 PSYoungGen      total 13312K, used 13239K [0x00000000d5580000, 0x00000000d6400000, 0x0000000100000000)
  eden space 12800K, 100% used [0x00000000d5580000,0x00000000d6200000,0x00000000d6200000)
  from space 512K, 85% used [0x00000000d6380000,0x00000000d63edde0,0x00000000d6400000)
  to   space 1024K, 0% used [0x00000000d6200000,0x00000000d6200000,0x00000000d6300000)
 ParOldGen       total 68608K, used 42390K [0x0000000080000000, 0x0000000084300000, 0x00000000d5580000)
  object space 68608K, 61% used [0x0000000080000000,0x00000000829658b0,0x0000000084300000)
 Metaspace       used 60688K, committed 62080K, reserved 1114112K
  class space    used 7662K, committed 8320K, reserved 1048576K
}
Event: 8.707 GC heap after
{Heap after GC invocations=54 (full 3):
 PSYoungGen      total 13824K, used 978K [0x00000000d5580000, 0x00000000d6500000, 0x0000000100000000)
  eden space 12800K, 0% used [0x00000000d5580000,0x00000000d5580000,0x00000000d6200000)
  from space 1024K, 95% used [0x00000000d6200000,0x00000000d62f4b70,0x00000000d6300000)
  to   space 1536K, 0% used [0x00000000d6380000,0x00000000d6380000,0x00000000d6500000)
 ParOldGen       total 68608K, used 42476K [0x0000000080000000, 0x0000000084300000, 0x00000000d5580000)
  object space 68608K, 61% used [0x0000000080000000,0x000000008297b348,0x0000000084300000)
 Metaspace       used 60688K, committed 62080K, reserved 1114112K
  class space    used 7662K, committed 8320K, reserved 1048576K
}
Event: 8.739 GC heap before
{Heap before GC invocations=55 (full 3):
 PSYoungGen      total 13824K, used 13778K [0x00000000d5580000, 0x00000000d6500000, 0x0000000100000000)
  eden space 12800K, 100% used [0x00000000d5580000,0x00000000d6200000,0x00000000d6200000)
  from space 1024K, 95% used [0x00000000d6200000,0x00000000d62f4b70,0x00000000d6300000)
  to   space 1536K, 0% used [0x00000000d6380000,0x00000000d6380000,0x00000000d6500000)
 ParOldGen       total 68608K, used 42476K [0x0000000080000000, 0x0000000084300000, 0x00000000d5580000)
  object space 68608K, 61% used [0x0000000080000000,0x000000008297b348,0x0000000084300000)
 Metaspace       used 60688K, committed 62080K, reserved 1114112K
  class space    used 7662K, committed 8320K, reserved 1048576K
}
Event: 8.739 GC heap after
{Heap after GC invocations=55 (full 3):
 PSYoungGen      total 13312K, used 320K [0x00000000d5580000, 0x00000000d6400000, 0x0000000100000000)
  eden space 12800K, 0% used [0x00000000d5580000,0x00000000d5580000,0x00000000d6200000)
  from space 512K, 62% used [0x00000000d6380000,0x00000000d63d0000,0x00000000d6400000)
  to   space 1024K, 0% used [0x00000000d6200000,0x00000000d6200000,0x00000000d6300000)
 ParOldGen       total 68608K, used 42820K [0x0000000080000000, 0x0000000084300000, 0x00000000d5580000)
  object space 68608K, 62% used [0x0000000080000000,0x00000000829d13d0,0x0000000084300000)
 Metaspace       used 60688K, committed 62080K, reserved 1114112K
  class space    used 7662K, committed 8320K, reserved 1048576K
}
Event: 8.824 GC heap before
{Heap before GC invocations=56 (full 3):
 PSYoungGen      total 13312K, used 13120K [0x00000000d5580000, 0x00000000d6400000, 0x0000000100000000)
  eden space 12800K, 100% used [0x00000000d5580000,0x00000000d6200000,0x00000000d6200000)
  from space 512K, 62% used [0x00000000d6380000,0x00000000d63d0000,0x00000000d6400000)
  to   space 1024K, 0% used [0x00000000d6200000,0x00000000d6200000,0x00000000d6300000)
 ParOldGen       total 68608K, used 42820K [0x0000000080000000, 0x0000000084300000, 0x00000000d5580000)
  object space 68608K, 62% used [0x0000000080000000,0x00000000829d13d0,0x0000000084300000)
 Metaspace       used 62079K, committed 63488K, reserved 1114112K
  class space    used 7866K, committed 8512K, reserved 1048576K
}
Event: 8.825 GC heap after
{Heap after GC invocations=56 (full 3):
 PSYoungGen      total 13824K, used 448K [0x00000000d5580000, 0x00000000d6400000, 0x0000000100000000)
  eden space 12800K, 0% used [0x00000000d5580000,0x00000000d5580000,0x00000000d6200000)
  from space 1024K, 43% used [0x00000000d6200000,0x00000000d6270000,0x00000000d6300000)
  to   space 512K, 0% used [0x00000000d6380000,0x00000000d6380000,0x00000000d6400000)
 ParOldGen       total 68608K, used 42868K [0x0000000080000000, 0x0000000084300000, 0x00000000d5580000)
  object space 68608K, 62% used [0x0000000080000000,0x00000000829dd3e0,0x0000000084300000)
 Metaspace       used 62079K, committed 63488K, reserved 1114112K
  class space    used 7866K, committed 8512K, reserved 1048576K
}
Event: 9.027 GC heap before
{Heap before GC invocations=57 (full 3):
 PSYoungGen      total 13824K, used 13247K [0x00000000d5580000, 0x00000000d6400000, 0x0000000100000000)
  eden space 12800K, 99% used [0x00000000d5580000,0x00000000d61ffc88,0x00000000d6200000)
  from space 1024K, 43% used [0x00000000d6200000,0x00000000d6270000,0x00000000d6300000)
  to   space 512K, 0% used [0x00000000d6380000,0x00000000d6380000,0x00000000d6400000)
 ParOldGen       total 68608K, used 42868K [0x0000000080000000, 0x0000000084300000, 0x00000000d5580000)
  object space 68608K, 62% used [0x0000000080000000,0x00000000829dd3e0,0x0000000084300000)
 Metaspace       used 63575K, committed 65024K, reserved 1114112K
  class space    used 8066K, committed 8768K, reserved 1048576K
}
Event: 9.028 GC heap after
{Heap after GC invocations=57 (full 3):
 PSYoungGen      total 12800K, used 480K [0x00000000d5580000, 0x00000000d6600000, 0x0000000100000000)
  eden space 12288K, 0% used [0x00000000d5580000,0x00000000d5580000,0x00000000d6180000)
  from space 512K, 93% used [0x00000000d6380000,0x00000000d63f8010,0x00000000d6400000)
  to   space 2048K, 0% used [0x00000000d6180000,0x00000000d6180000,0x00000000d6380000)
 ParOldGen       total 68608K, used 43820K [0x0000000080000000, 0x0000000084300000, 0x00000000d5580000)
  object space 68608K, 63% used [0x0000000080000000,0x0000000082acb0c8,0x0000000084300000)
 Metaspace       used 63575K, committed 65024K, reserved 1114112K
  class space    used 8066K, committed 8768K, reserved 1048576K
}
Event: 9.106 GC heap before
{Heap before GC invocations=58 (full 3):
 PSYoungGen      total 12800K, used 12768K [0x00000000d5580000, 0x00000000d6600000, 0x0000000100000000)
  eden space 12288K, 100% used [0x00000000d5580000,0x00000000d6180000,0x00000000d6180000)
  from space 512K, 93% used [0x00000000d6380000,0x00000000d63f8010,0x00000000d6400000)
  to   space 2048K, 0% used [0x00000000d6180000,0x00000000d6180000,0x00000000d6380000)
 ParOldGen       total 68608K, used 43820K [0x0000000080000000, 0x0000000084300000, 0x00000000d5580000)
  object space 68608K, 63% used [0x0000000080000000,0x0000000082acb0c8,0x0000000084300000)
 Metaspace       used 64339K, committed 65856K, reserved 1114112K
  class space    used 8135K, committed 8832K, reserved 1048576K
}
Event: 9.107 GC heap after
{Heap after GC invocations=58 (full 3):
 PSYoungGen      total 13312K, used 960K [0x00000000d5580000, 0x00000000d6480000, 0x0000000100000000)
  eden space 12288K, 0% used [0x00000000d5580000,0x00000000d5580000,0x00000000d6180000)
  from space 1024K, 93% used [0x00000000d6180000,0x00000000d6270000,0x00000000d6280000)
  to   space 1536K, 0% used [0x00000000d6300000,0x00000000d6300000,0x00000000d6480000)
 ParOldGen       total 68608K, used 44283K [0x0000000080000000, 0x0000000084300000, 0x00000000d5580000)
  object space 68608K, 64% used [0x0000000080000000,0x0000000082b3ec50,0x0000000084300000)
 Metaspace       used 64339K, committed 65856K, reserved 1114112K
  class space    used 8135K, committed 8832K, reserved 1048576K
}
Event: 9.143 GC heap before
{Heap before GC invocations=59 (full 3):
 PSYoungGen      total 13312K, used 13248K [0x00000000d5580000, 0x00000000d6480000, 0x0000000100000000)
  eden space 12288K, 100% used [0x00000000d5580000,0x00000000d6180000,0x00000000d6180000)
  from space 1024K, 93% used [0x00000000d6180000,0x00000000d6270000,0x00000000d6280000)
  to   space 1536K, 0% used [0x00000000d6300000,0x00000000d6300000,0x00000000d6480000)
 ParOldGen       total 68608K, used 44283K [0x0000000080000000, 0x0000000084300000, 0x00000000d5580000)
  object space 68608K, 64% used [0x0000000080000000,0x0000000082b3ec50,0x0000000084300000)
 Metaspace       used 64525K, committed 65984K, reserved 1114112K
  class space    used 8141K, committed 8832K, reserved 1048576K
}
Event: 9.145 GC heap after
{Heap after GC invocations=59 (full 3):
 PSYoungGen      total 13824K, used 1280K [0x00000000d5580000, 0x00000000d6480000, 0x0000000100000000)
  eden space 12288K, 0% used [0x00000000d5580000,0x00000000d5580000,0x00000000d6180000)
  from space 1536K, 83% used [0x00000000d6300000,0x00000000d6440030,0x00000000d6480000)
  to   space 1536K, 0% used [0x00000000d6180000,0x00000000d6180000,0x00000000d6300000)
 ParOldGen       total 68608K, used 45099K [0x0000000080000000, 0x0000000084300000, 0x00000000d5580000)
  object space 68608K, 65% used [0x0000000080000000,0x0000000082c0afe8,0x0000000084300000)
 Metaspace       used 64525K, committed 65984K, reserved 1114112K
  class space    used 8141K, committed 8832K, reserved 1048576K
}
Event: 9.168 GC heap before
{Heap before GC invocations=60 (full 3):
 PSYoungGen      total 13824K, used 13568K [0x00000000d5580000, 0x00000000d6480000, 0x0000000100000000)
  eden space 12288K, 100% used [0x00000000d5580000,0x00000000d6180000,0x00000000d6180000)
  from space 1536K, 83% used [0x00000000d6300000,0x00000000d6440030,0x00000000d6480000)
  to   space 1536K, 0% used [0x00000000d6180000,0x00000000d6180000,0x00000000d6300000)
 ParOldGen       total 68608K, used 45099K [0x0000000080000000, 0x0000000084300000, 0x00000000d5580000)
  object space 68608K, 65% used [0x0000000080000000,0x0000000082c0afe8,0x0000000084300000)
 Metaspace       used 64525K, committed 65984K, reserved 1114112K
  class space    used 8141K, committed 8832K, reserved 1048576K
}
Event: 9.169 GC heap after
{Heap after GC invocations=60 (full 3):
 PSYoungGen      total 13824K, used 1280K [0x00000000d5580000, 0x00000000d6480000, 0x0000000100000000)
  eden space 12288K, 0% used [0x00000000d5580000,0x00000000d5580000,0x00000000d6180000)
  from space 1536K, 83% used [0x00000000d6180000,0x00000000d62c0010,0x00000000d6300000)
  to   space 1536K, 0% used [0x00000000d6300000,0x00000000d6300000,0x00000000d6480000)
 ParOldGen       total 68608K, used 46244K [0x0000000080000000, 0x0000000084300000, 0x00000000d5580000)
  object space 68608K, 67% used [0x0000000080000000,0x0000000082d29008,0x0000000084300000)
 Metaspace       used 64525K, committed 65984K, reserved 1114112K
  class space    used 8141K, committed 8832K, reserved 1048576K
}
Event: 9.217 GC heap before
{Heap before GC invocations=61 (full 3):
 PSYoungGen      total 13824K, used 13568K [0x00000000d5580000, 0x00000000d6480000, 0x0000000100000000)
  eden space 12288K, 100% used [0x00000000d5580000,0x00000000d6180000,0x00000000d6180000)
  from space 1536K, 83% used [0x00000000d6180000,0x00000000d62c0010,0x00000000d6300000)
  to   space 1536K, 0% used [0x00000000d6300000,0x00000000d6300000,0x00000000d6480000)
 ParOldGen       total 68608K, used 46244K [0x0000000080000000, 0x0000000084300000, 0x00000000d5580000)
  object space 68608K, 67% used [0x0000000080000000,0x0000000082d29008,0x0000000084300000)
 Metaspace       used 64917K, committed 66368K, reserved 1114112K
  class space    used 8201K, committed 8896K, reserved 1048576K
}
Event: 9.218 GC heap after
{Heap after GC invocations=61 (full 3):
 PSYoungGen      total 12288K, used 1506K [0x00000000d5580000, 0x00000000d6780000, 0x0000000100000000)
  eden space 10752K, 0% used [0x00000000d5580000,0x00000000d5580000,0x00000000d6000000)
  from space 1536K, 98% used [0x00000000d6300000,0x00000000d6478810,0x00000000d6480000)
  to   space 3072K, 0% used [0x00000000d6000000,0x00000000d6000000,0x00000000d6300000)
 ParOldGen       total 68608K, used 47388K [0x0000000080000000, 0x0000000084300000, 0x00000000d5580000)
  object space 68608K, 69% used [0x0000000080000000,0x0000000082e47018,0x0000000084300000)
 Metaspace       used 64917K, committed 66368K, reserved 1114112K
  class space    used 8201K, committed 8896K, reserved 1048576K
}

